# Server version 0.08 running on 142.157.68.226:8123
# Game ID: 143
# Board class: pentago_swap.PentagoBoard
# Timeout: 2000
# First Move Timeout: 40000
# Date: Mon Apr 08 11:09:23 EDT 2019
# Player 1: Player-0, 'RandomPlayer', running on 127.0.0.1
# Player 2: Player-1, '260726480', running on 127.0.0.1
START Player-0 RandomPlayer
START Player-1 260726480
3 3 TR BR 0
1 1 TL TR 1
4 1 TL BR 0
1 1 TL TR 1
1 0 TR BL 0
4 4 TL TR 1
2 0 TL TR 0
3 2 TL TR 1
5 2 BL BR 0
3 2 TL TR 1
5 1 TR BR 0
2 2 TL TR 1
2 3 TL TR 0
3 3 TL TR 1
0 1 TL TR 0
0 0 TL TR 1
3 4 BL BR 0
0 0 TL BL 1
0 4 TL BR 0
0 1 TR BL 1
3 5 TL BR 0
1 0 TL TR 1
4 3 TL BL 0
0 2 TL TR 1
2 2 TL BR 0
1 2 TL TR 1
2 5 TR BL 0
1 2 TL BL 1
2 0 TR BL 0
2 4 TL BR 1
GAMEOVER DRAW
# Game ended: Mon Apr 08 11:09:24 EDT 2019
