# Server version 0.08 running on 142.157.68.226:8123
# Game ID: 1902
# Board class: pentago_swap.PentagoBoard
# Timeout: 2000
# First Move Timeout: 4000
# Date: Wed Apr 10 00:37:43 EDT 2019
# Player 1: Player-0, 'RandomPlayer', running on 127.0.0.1
# Player 2: Player-1, '260726480', running on 127.0.0.1
START Player-0 RandomPlayer
START Player-1 260726480
5 0 TL TR 0
1 1 TL TR 1
0 0 TL BL 0
1 1 TL TR 1
4 0 BL BR 0
0 0 TL TR 1
4 4 TL BL 0
1 1 TL TR 1
0 3 TL BR 0
0 1 TL TR 1
4 5 TL TR 0
0 2 TL TR 1
1 0 BL BR 0
0 1 TL TR 1
5 1 BL BR 0
0 5 TL TR 1
2 0 TL BL 0
0 0 TL TR 1
5 1 TR BR 0
0 4 TL BL 1
GAMEOVER WINNER 0
# Game ended: Wed Apr 10 00:37:43 EDT 2019
