# Server version 0.08 running on 142.157.68.226:8123
# Game ID: 1179
# Board class: pentago_swap.PentagoBoard
# Timeout: 2000
# First Move Timeout: 4000
# Date: Tue Apr 09 23:28:21 EDT 2019
# Player 1: Player-0, '260726480', running on 127.0.0.1
# Player 2: Player-1, 'RandomPlayer', running on 127.0.0.1
START Player-0 260726480
START Player-1 RandomPlayer
1 1 TL TR 0
5 5 BL BR 1
1 1 TL TR 0
5 1 TR BL 1
3 2 TL TR 0
3 5 BL BR 1
1 1 TL TR 0
5 5 TR BL 1
3 2 TL TR 0
3 0 TL BR 1
0 0 TL TR 0
5 3 BL BR 1
4 1 TL TR 0
2 5 TR BR 1
2 3 TL BL 0
GAMEOVER WINNER 0
# Game ended: Tue Apr 09 23:28:21 EDT 2019
