# Server version 0.08 running on 192.168.2.19:8123
# Game ID: 250
# Board class: pentago_swap.PentagoBoard
# Timeout: 2000
# First Move Timeout: 40000
# Date: Tue Apr 09 07:07:49 EDT 2019
# Player 1: Player-0, '260726480', running on 127.0.0.1
# Player 2: Player-1, 'RandomPlayer', running on 127.0.0.1
START Player-0 260726480
START Player-1 RandomPlayer
1 1 TL TR 0
3 5 TL BR 1
1 1 TL TR 0
4 5 TL BL 1
1 1 TL TR 0
1 2 TL BR 1
1 1 TL TR 0
5 1 TR BL 1
0 0 TL TR 0
1 0 TL TR 1
0 1 TL TR 0
5 0 BL BR 1
0 0 TL TR 0
0 2 TR BL 1
0 3 TL TR 0
3 1 TL TR 1
0 4 TL TR 0
3 3 TL BL 1
0 2 TL TR 0
1 5 TR BL 1
1 0 TR BR 0
5 4 BL BR 1
0 4 TL BL 0
2 5 TR BR 1
1 0 TL BL 0
GAMEOVER WINNER 1
# Game ended: Tue Apr 09 07:07:50 EDT 2019
