# Server version 0.08 running on 142.157.68.226:8123
# Game ID: 3039
# Board class: pentago_swap.PentagoBoard
# Timeout: 2000
# First Move Timeout: 4000
# Date: Wed Apr 10 18:54:50 EDT 2019
# Player 1: Player-0, 'RandomPlayer', running on 127.0.0.1
# Player 2: Player-1, '260726480', running on 127.0.0.1
START Player-0 RandomPlayer
START Player-1 260726480
1 2 TR BR 0
1 1 TL TR 1
5 0 TL TR 0
2 1 BL BR 1
3 0 TL TR 0
1 1 TL TR 1
3 5 TR BR 0
4 1 TR BR 1
4 4 TL TR 0
2 5 TL TR 1
5 2 TR BL 0
3 3 TR BL 1
0 0 TL BL 0
1 2 TL TR 1
3 4 TL BL 0
5 2 TL BL 1
4 5 TR BL 0
4 3 TR BL 1
0 1 TL BL 0
3 0 BL BR 1
GAMEOVER WINNER 1
# Game ended: Wed Apr 10 18:54:50 EDT 2019
