# Server version 0.08 running on 142.157.68.226:8123
# Game ID: 22
# Board class: pentago_swap.PentagoBoard
# Timeout: 2000
# First Move Timeout: 40000
# Date: Sun Apr 07 22:37:47 EDT 2019
# Player 1: Player-0, 'RandomPlayer', running on 142.157.68.226
# Player 2: Player-1, 'Human', running on 142.157.68.226
START Player-0 RandomPlayer
START Player-1 Human
5 2 TR BR 0
1 4 TR TL 1
0 3 TL TR 0
4 4 TL BL 1
4 0 BL BR 0
1 1 BR TL 1
2 1 TL BL 0
4 2 TL BL 1
5 2 BL BR 0
2 3 BL TR 1
2 0 TL TR 0
3 5 BR TL 1
0 0 BL BR 0
0 5 TR BR 1
4 4 TR BR 0
3 4 BR TL 1
2 1 TL BR 0
5 5 TL BR 1
5 1 TR BR 0
2 4 BL TR 1
4 2 TL TR 0
0 2 TR BL 1
4 0 TR BR 0
0 0 BR TL 1
2 5 BL BR 0
4 2 TR BL 1
1 0 TR BR 0
3 4 BR TL 1
0 5 TL BL 0
3 4 TL BR 1
GAMEOVER DRAW
# Game ended: Sun Apr 07 22:39:53 EDT 2019
