# Server version 0.08 running on 142.157.68.226:8123
# Game ID: 607
# Board class: pentago_swap.PentagoBoard
# Timeout: 2000
# First Move Timeout: 4000
# Date: Tue Apr 09 21:32:56 EDT 2019
# Player 1: Player-0, 'RandomPlayer', running on 127.0.0.1
# Player 2: Player-1, '260726480', running on 127.0.0.1
START Player-0 RandomPlayer
START Player-1 260726480
3 1 TR BL 0
1 1 TL TR 1
5 2 BL BR 0
1 1 TL TR 1
3 0 TR BR 0
4 1 TL TR 1
2 4 TL BL 0
4 1 TL TR 1
0 0 TR BL 0
3 2 TL TR 1
2 3 TR BL 0
3 2 TL TR 1
4 2 TL BL 0
0 1 TL TR 1
4 5 TL TR 0
0 3 TL TR 1
3 1 BL BR 0
3 2 TL TR 1
0 5 TL TR 0
0 1 TR BL 1
5 3 TL BL 0
0 3 TL BL 1
2 1 TR BR 0
1 0 TL TR 1
1 0 BL BR 0
1 2 TL TR 1
4 0 TL BL 0
2 0 TL BL 1
GAMEOVER WINNER 0
# Game ended: Tue Apr 09 21:32:57 EDT 2019
