# Server version 0.08 running on 192.168.2.19:8123
# Game ID: 254
# Board class: pentago_swap.PentagoBoard
# Timeout: 2000
# First Move Timeout: 40000
# Date: Tue Apr 09 07:08:20 EDT 2019
# Player 1: Player-0, '260726480', running on 127.0.0.1
# Player 2: Player-1, 'RandomPlayer', running on 127.0.0.1
START Player-0 260726480
START Player-1 RandomPlayer
1 1 TL TR 0
3 3 TL TR 1
4 1 TL TR 0
4 2 TR BL 1
1 1 TL TR 0
3 5 BL BR 1
4 1 TL TR 0
2 5 TR BR 1
0 0 TL TR 0
2 5 TL BL 1
0 1 TL TR 0
4 3 BL BR 1
0 1 TL TR 0
2 1 TR BL 1
0 3 TL TR 0
2 5 TR BR 1
0 1 TL TR 0
1 2 TR BL 1
0 0 TL TR 0
5 0 TR BR 1
0 2 TL TR 0
5 5 TR BR 1
0 4 TL TR 0
2 1 TL BR 1
1 0 TL TR 0
3 5 TR BR 1
1 0 TL BR 0
GAMEOVER WINNER 0
# Game ended: Tue Apr 09 07:08:21 EDT 2019
