# Server version 0.08 running on 142.157.68.226:8123
# Game ID: 1
# Board class: pentago_swap.PentagoBoard
# Timeout: 2000
# First Move Timeout: 30000
# Date: Fri Apr 05 22:00:51 EDT 2019
# Player 1: Player-0, 'RandomPlayer', running on 142.157.68.226
# Player 2: Player-1, 'Human', running on 142.157.68.226
START Player-0 RandomPlayer
START Player-1 Human
5 2 TR BR 0
0 0 TL BR 1
0 3 TL TR 0
4 3 TR BR 1
4 0 BL BR 0
2 3 TR BL 1
1 5 TL BL 0
2 2 BR TL 1
5 1 BL BR 0
5 1 TR BL 1
1 5 TL TR 0
1 1 BR TL 1
0 1 BL BR 0
5 3 BR TL 1
4 4 TR BR 0
1 0 TR BR 1
GAMEOVER WINNER 1
# Game ended: Fri Apr 05 22:02:52 EDT 2019
