# Server version 0.08 running on 192.168.2.19:8123
# Game ID: 220
# Board class: pentago_swap.PentagoBoard
# Timeout: 2000
# First Move Timeout: 40000
# Date: Tue Apr 09 00:08:40 EDT 2019
# Player 1: Player-0, '260726480', running on 127.0.0.1
# Player 2: Player-1, '260721713', running on 127.0.0.1
START Player-0 260726480
START Player-1 260721713
1 1 TL TR 0
0 0 TL TR 1
1 4 TL TR 0
0 1 TL TR 1
4 1 TL TR 0
0 2 TL TR 1
4 4 TL TR 0
0 3 TL TR 1
0 1 TL TR 0
0 5 TL TR 1
1 0 TL TR 0
1 0 TL TR 1
1 2 TL TR 0
1 2 TL TR 1
2 0 TL TR 0
2 0 TL TR 1
2 1 TL TR 0
2 1 TL TR 1
2 2 TL TR 0
2 2 TL TR 1
3 0 TL TR 0
3 1 TL TR 1
3 2 TL TR 0
3 3 TL TR 1
3 4 TL TR 0
GAMEOVER WINNER 0
# Game ended: Tue Apr 09 00:08:40 EDT 2019
