# Server version 0.08 running on 142.157.68.226:8123
# Game ID: 2749
# Board class: pentago_swap.PentagoBoard
# Timeout: 2000
# First Move Timeout: 4000
# Date: Wed Apr 10 18:41:06 EDT 2019
# Player 1: Player-0, '260726480', running on 142.157.68.226
# Player 2: Player-1, 'Human', running on 142.157.68.226
START Player-0 260726480
START Player-1 Human
1 1 TL TR 0
1 1 TR TL 1
0 0 TL BR 0
2 2 TL BR 1
2 2 TR BR 0
3 3 TR BR 1
3 0 BL BR 0
4 4 TR BR 1
2 5 TR BR 0
4 5 TR BR 1
2 4 TR BR 0
4 3 BL BR 1
3 1 BL BR 0
3 2 BL BR 1
2 3 BL BR 0
1 2 TR TL 1
2 4 TL TR 0
4 2 BL TL 1
5 0 BL BR 0
GAMEOVER WINNER 0
# Game ended: Wed Apr 10 18:42:07 EDT 2019
