# Server version 0.08 running on 142.157.68.226:8123
# Game ID: 150
# Board class: pentago_swap.PentagoBoard
# Timeout: 2000
# First Move Timeout: 40000
# Date: Mon Apr 08 11:16:51 EDT 2019
# Player 1: Player-0, 'RandomPlayer', running on 142.157.68.226
# Player 2: Player-1, '260726480', running on 142.157.68.226
START Player-0 RandomPlayer
START Player-1 260726480
5 1 TL TR 0
1 1 TL TR 1
5 5 BL BR 0
1 1 TL TR 1
2 5 TL BR 0
1 1 TL TR 1
3 5 BL BR 0
4 4 TL TR 1
0 2 TL TR 0
3 3 TL TR 1
1 0 TL BR 0
3 3 TL TR 1
0 2 TR BR 0
0 0 TL TR 1
3 4 TR BR 0
2 2 TL TR 1
1 0 TL BL 0
0 0 TL TR 1
GAMEOVER WINNER 1
# Game ended: Mon Apr 08 11:16:51 EDT 2019
