# Server version 0.08 running on 142.157.68.226:8123
# Game ID: 746
# Board class: pentago_swap.PentagoBoard
# Timeout: 2000
# First Move Timeout: 4000
# Date: Tue Apr 09 22:27:58 EDT 2019
# Player 1: Player-0, 'RandomPlayer', running on 127.0.0.1
# Player 2: Player-1, '260726480', running on 127.0.0.1
START Player-0 RandomPlayer
START Player-1 260726480
1 4 BL BR 0
1 1 TL TR 1
5 1 TL BL 0
1 1 TL TR 1
3 5 TR BL 0
4 4 TL TR 1
0 5 TL BL 0
3 2 TL TR 1
3 4 BL BR 0
2 3 TL TR 1
2 3 TL BR 0
0 0 TL TR 1
5 2 BL BR 0
3 2 TL TR 1
4 5 TR BL 0
0 1 TL TR 1
2 2 TL BL 0
2 3 TL TR 1
1 0 TR BL 0
0 3 TL TR 1
3 0 TL BL 0
0 1 TL TR 1
2 2 TL BR 0
0 0 TL TR 1
4 5 TL BR 0
2 3 TL TR 1
3 1 TL BR 0
GAMEOVER WINNER 0
# Game ended: Tue Apr 09 22:27:59 EDT 2019
