# Server version 0.08 running on 142.157.68.226:8123
# Game ID: 3083
# Board class: pentago_swap.PentagoBoard
# Timeout: 2000
# First Move Timeout: 4000
# Date: Wed Apr 10 19:07:40 EDT 2019
# Player 1: Player-0, 'RandomPlayer', running on 127.0.0.1
# Player 2: Player-1, '260726480', running on 127.0.0.1
START Player-0 RandomPlayer
START Player-1 260726480
1 1 BL BR 0
0 0 TL BR 1
0 1 TL BR 0
4 3 TL BR 1
1 3 TL BR 0
5 5 TL BR 1
1 1 TR BL 0
0 4 TR BL 1
2 4 TL TR 0
4 2 TL TR 1
5 5 TL BL 0
3 0 TL BL 1
2 5 TL BR 0
5 2 TL BR 1
3 5 TL TR 0
5 3 TL TR 1
4 1 TR BL 0
4 1 TR BL 1
4 5 TL TR 0
4 3 TR BR 1
GAMEOVER WINNER 1
# Game ended: Wed Apr 10 19:07:40 EDT 2019
