# Server version 0.08 running on 192.168.2.19:8123
# Game ID: 214
# Board class: pentago_swap.PentagoBoard
# Timeout: 2000
# First Move Timeout: 40000
# Date: Tue Apr 09 00:07:21 EDT 2019
# Player 1: Player-0, '260726480', running on 127.0.0.1
# Player 2: Player-1, 'RandomPlayer', running on 127.0.0.1
START Player-0 260726480
START Player-1 RandomPlayer
1 1 TL TR 0
4 3 TR BL 1
1 1 TL TR 0
3 1 TL BR 1
1 1 TL TR 0
5 4 TR BL 1
4 4 TL TR 0
2 4 TL BR 1
3 2 TL TR 0
0 4 TR BL 1
3 2 TL TR 0
1 3 TR BR 1
2 3 TL TR 0
3 5 TR BL 1
2 3 TL TR 0
2 5 TL TR 1
GAMEOVER WINNER 0
# Game ended: Tue Apr 09 00:07:21 EDT 2019
