# Server version 0.08 running on 142.157.68.226:8123
# Game ID: 1399
# Board class: pentago_swap.PentagoBoard
# Timeout: 2000
# First Move Timeout: 4000
# Date: Tue Apr 09 23:46:26 EDT 2019
# Player 1: Player-0, 'RandomPlayer', running on 127.0.0.1
# Player 2: Player-1, '260726480', running on 127.0.0.1
START Player-0 RandomPlayer
START Player-1 260726480
4 1 TL TR 0
1 1 TL TR 1
0 1 BL BR 0
1 1 TL TR 1
3 2 TR BR 0
0 0 TL TR 1
5 0 TR BR 0
0 0 TL TR 1
0 5 TL BR 0
0 1 TL TR 1
4 1 TL BR 0
0 0 TL TR 1
2 3 BL BR 0
0 2 TR BR 1
GAMEOVER WINNER 0
# Game ended: Tue Apr 09 23:46:26 EDT 2019
