# Server version 0.08 running on 192.168.2.19:8123
# Game ID: 253
# Board class: pentago_swap.PentagoBoard
# Timeout: 2000
# First Move Timeout: 40000
# Date: Tue Apr 09 07:08:18 EDT 2019
# Player 1: Player-0, 'RandomPlayer', running on 127.0.0.1
# Player 2: Player-1, '260726480', running on 127.0.0.1
START Player-0 RandomPlayer
START Player-1 260726480
0 0 BL BR 0
1 1 TL TR 1
1 3 TL BR 0
1 1 TL TR 1
3 4 BL BR 0
4 1 TL TR 1
2 1 TL BL 0
0 0 TL TR 1
3 4 BL BR 0
4 1 TL TR 1
5 3 TR BR 0
0 2 TL TR 1
3 5 TL BR 0
0 1 TL TR 1
4 3 TL BL 0
0 0 TL TR 1
1 5 TL BR 0
0 0 TL TR 1
2 2 TL TR 0
0 1 TR BL 1
3 2 TL TR 0
0 5 TL TR 1
2 3 TR BL 0
1 3 TL TR 1
1 5 BL BR 0
2 0 TL TR 1
4 2 TR BL 0
2 2 TL BL 1
4 5 TL BL 0
GAMEOVER WINNER 1
# Game ended: Tue Apr 09 07:08:19 EDT 2019
