# Server version 0.08 running on 142.157.68.226:8123
# Game ID: 649
# Board class: pentago_swap.PentagoBoard
# Timeout: 2000
# First Move Timeout: 4000
# Date: Tue Apr 09 21:50:38 EDT 2019
# Player 1: Player-0, 'RandomPlayer', running on 142.157.68.226
# Player 2: Player-1, '260726480', running on 142.157.68.226
START Player-0 RandomPlayer
START Player-1 260726480
1 4 TR BR 0
1 1 TL TR 1
5 0 TL BL 0
1 1 TL TR 1
0 2 BL BR 0
3 2 TL TR 1
4 0 TL BL 0
3 2 TL TR 1
4 0 BL BR 0
4 1 TL TR 1
1 3 TR BR 0
3 2 TL TR 1
2 4 TR BR 0
0 0 TL TR 1
2 5 TL BR 0
0 0 TL TR 1
5 3 BL BR 0
0 1 TL TR 1
4 3 TR BL 0
GAMEOVER TIMEOUT WINNER 0
# Game ended: Tue Apr 09 21:50:41 EDT 2019
