# Server version 0.08 running on 142.157.68.226:8123
# Game ID: 2886
# Board class: pentago_swap.PentagoBoard
# Timeout: 2000
# First Move Timeout: 4000
# Date: Wed Apr 10 18:47:40 EDT 2019
# Player 1: Player-0, 'RandomPlayer', running on 127.0.0.1
# Player 2: Player-1, '260726480', running on 127.0.0.1
START Player-0 RandomPlayer
START Player-1 260726480
2 0 TL TR 0
1 1 TL TR 1
2 1 BL BR 0
1 1 TL TR 1
4 5 TR BL 0
2 2 BL BR 1
0 5 TL BR 0
0 0 TL BR 1
1 4 BL BR 0
0 0 BL BR 1
GAMEOVER WINNER 1
# Game ended: Wed Apr 10 18:47:40 EDT 2019
