# Server version 0.08 running on 192.168.2.19:8123
# Game ID: 163
# Board class: pentago_swap.PentagoBoard
# Timeout: 2000
# First Move Timeout: 40000
# Date: Mon Apr 08 21:26:32 EDT 2019
# Player 1: Player-0, 'RandomPlayer', running on 127.0.0.1
# Player 2: Player-1, '260726480', running on 127.0.0.1
START Player-0 RandomPlayer
START Player-1 260726480
3 5 TL BR 0
1 1 TL TR 1
1 3 TL TR 0
1 4 TL TR 1
4 5 TR BL 0
1 4 TL TR 1
3 1 TL TR 0
4 4 TL TR 1
0 2 TL BL 0
2 2 TL TR 1
3 0 TL BL 0
3 2 TL TR 1
2 3 TR BL 0
3 3 TL TR 1
2 4 TL BR 0
2 2 TL TR 1
5 1 TR BR 0
GAMEOVER WINNER 1
# Game ended: Mon Apr 08 21:26:32 EDT 2019
