# Server version 0.08 running on 142.157.68.226:8123
# Game ID: 810
# Board class: pentago_swap.PentagoBoard
# Timeout: 2000
# First Move Timeout: 4000
# Date: Tue Apr 09 22:40:49 EDT 2019
# Player 1: Player-0, 'RandomPlayer', running on 127.0.0.1
# Player 2: Player-1, '260726480', running on 127.0.0.1
START Player-0 RandomPlayer
START Player-1 260726480
5 4 TR BR 0
1 1 TL TR 1
1 1 TL BR 0
1 1 TL TR 1
5 5 TL BR 0
4 1 TL TR 1
2 3 TR BR 0
3 2 TL TR 1
2 0 TL TR 0
0 0 TL TR 1
3 3 TR BL 0
3 2 TL TR 1
3 4 TL TR 0
0 0 TL TR 1
1 5 TR BR 0
0 0 TL TR 1
5 2 TL TR 0
0 1 TL TR 1
1 5 TL TR 0
0 5 TL TR 1
2 4 TL TR 0
1 0 TL TR 1
5 0 TL BR 0
0 1 TL BL 1
5 1 TL TR 0
3 2 TL TR 1
GAMEOVER WINNER 0
# Game ended: Tue Apr 09 22:40:49 EDT 2019
