# Server version 0.08 running on 142.157.68.226:8123
# Game ID: 998
# Board class: pentago_swap.PentagoBoard
# Timeout: 2000
# First Move Timeout: 4000
# Date: Tue Apr 09 23:03:31 EDT 2019
# Player 1: Player-0, 'RandomPlayer', running on 127.0.0.1
# Player 2: Player-1, '260726480', running on 127.0.0.1
START Player-0 RandomPlayer
START Player-1 260726480
4 1 TL BL 0
1 4 TL TR 1
1 3 TL TR 0
4 1 TL TR 1
3 0 TL TR 0
4 4 TL TR 1
0 0 TR BR 0
3 2 TL TR 1
5 0 TR BR 0
0 0 TL TR 1
0 2 TL BL 0
0 1 TL TR 1
5 0 TL TR 0
0 4 TL TR 1
3 0 TR BL 0
0 2 TL BR 1
GAMEOVER WINNER 1
# Game ended: Tue Apr 09 23:03:31 EDT 2019
