# Server version 0.08 running on 142.157.68.226:8123
# Game ID: 3017
# Board class: pentago_swap.PentagoBoard
# Timeout: 2000
# First Move Timeout: 4000
# Date: Wed Apr 10 18:54:21 EDT 2019
# Player 1: Player-0, 'RandomPlayer', running on 127.0.0.1
# Player 2: Player-1, '260726480', running on 127.0.0.1
START Player-0 RandomPlayer
START Player-1 260726480
0 4 TR BR 0
1 1 TL TR 1
4 2 TR BL 0
1 1 TL TR 1
1 5 TR BL 0
1 1 TL TR 1
2 1 BL BR 0
1 2 BL BR 1
3 1 TL BL 0
4 3 TL BL 1
2 2 BL BR 0
2 4 TL BL 1
3 1 TL BR 0
0 0 TL BR 1
0 4 TR BL 0
2 2 TR BL 1
3 0 BL BR 0
4 0 BL BR 1
2 0 BL BR 0
4 3 BL BR 1
GAMEOVER WINNER 1
# Game ended: Wed Apr 10 18:54:21 EDT 2019
