# Server version 0.08 running on 142.157.68.226:8123
# Game ID: 3018
# Board class: pentago_swap.PentagoBoard
# Timeout: 2000
# First Move Timeout: 4000
# Date: Wed Apr 10 18:54:22 EDT 2019
# Player 1: Player-0, 'RandomPlayer', running on 127.0.0.1
# Player 2: Player-1, '260726480', running on 127.0.0.1
START Player-0 RandomPlayer
START Player-1 260726480
5 4 TL BR 0
1 1 TL TR 1
1 0 TL BR 0
1 1 TL TR 1
0 3 TL TR 0
3 4 TL BL 1
2 2 TR BL 0
1 1 TL TR 1
0 3 TL BL 0
0 0 TL BR 1
1 1 TR BR 0
1 5 TR BR 1
4 3 TL BR 0
0 1 TL BR 1
0 4 TL TR 0
2 5 TL TR 1
4 0 TL BR 0
2 2 TL BR 1
2 4 TL BL 0
2 2 TR BL 1
GAMEOVER WINNER 1
# Game ended: Wed Apr 10 18:54:22 EDT 2019
