# Server version 0.08 running on 142.157.68.226:8123
# Game ID: 3177
# Board class: pentago_swap.PentagoBoard
# Timeout: 2000
# First Move Timeout: 4000
# Date: Wed Apr 10 19:09:48 EDT 2019
# Player 1: Player-0, 'RandomPlayer', running on 127.0.0.1
# Player 2: Player-1, '260726480', running on 127.0.0.1
START Player-0 RandomPlayer
START Player-1 260726480
1 3 TL BL 0
1 1 TL TR 1
4 0 TR BR 0
1 1 TL TR 1
4 1 TL BR 0
0 0 TL BR 1
1 2 TL BL 0
2 5 TL TR 1
4 1 TL BL 0
3 0 TL BL 1
GAMEOVER WINNER 1
# Game ended: Wed Apr 10 19:09:49 EDT 2019
