# Server version 0.08 running on 142.157.68.226:8123
# Game ID: 28
# Board class: pentago_swap.PentagoBoard
# Timeout: 10000
# First Move Timeout: 40000
# Date: Sun Apr 07 22:53:56 EDT 2019
# Player 1: Player-0, '260726480', running on 142.157.68.226
# Player 2: Player-1, 'Human', running on 142.157.68.226
START Player-0 260726480
START Player-1 Human
1 1 TL TR 0
4 4 TL BR 1
4 1 TL TR 0
4 4 TR BR 1
1 3 TR BR 0
3 3 TR BR 1
3 1 TL TR 0
2 4 BR TR 1
0 2 BL BR 0
2 5 BR TR 1
3 2 TL BL 0
3 5 TR BR 1
3 3 BL BR 0
2 4 BR TR 1
2 5 TL TR 0
2 1 BL BR 1
4 0 BL BR 0
1 3 TL BL 1
3 3 TR BR 0
3 4 TR BR 1
2 5 TL BR 0
5 4 TR BR 1
0 5 TR BR 0
2 3 BR TR 1
1 2 TL TR 0
1 2 BR TR 1
2 0 TR BR 0
2 2 BR TL 1
0 0 BL BR 0
3 4 TR BR 1
2 3 TR BR 0
GAMEOVER WINNER 1
# Game ended: Sun Apr 07 22:54:54 EDT 2019
