# Server version 0.08 running on 142.157.68.226:8123
# Game ID: 43
# Board class: pentago_swap.PentagoBoard
# Timeout: 10000
# First Move Timeout: 40000
# Date: Sun Apr 07 23:16:50 EDT 2019
# Player 1: Player-0, '260726480', running on 142.157.68.226
# Player 2: Player-1, '260726480', running on 142.157.68.226
START Player-0 260726480
START Player-1 260726480
1 1 TL TR 0
1 1 TL TR 1
4 1 TL TR 0
4 4 TL TR 1
1 3 TR BR 0
2 3 TR BR 1
3 0 TL TR 0
0 5 TL TR 1
0 1 BL BR 0
1 0 BL BR 1
3 3 TL BL 0
5 0 TL BL 1
3 4 BL BR 0
2 5 BL BR 1
3 1 TL TR 0
3 2 TL TR 1
4 2 BL BR 0
5 1 BL BR 1
4 3 TR BR 0
4 0 TR BR 1
2 4 TL BR 0
5 0 TL BR 1
0 3 TR BR 0
3 4 TR BR 1
0 5 TL TR 0
5 2 TL TR 1
GAMEOVER TIMEOUT WINNER 1
# Game ended: Sun Apr 07 23:17:01 EDT 2019
