# Server version 0.08 running on 142.157.68.226:8123
# Game ID: 114
# Board class: pentago_swap.PentagoBoard
# Timeout: 2000
# First Move Timeout: 40000
# Date: Mon Apr 08 10:49:35 EDT 2019
# Player 1: Player-0, 'Human', running on 142.157.68.226
# Player 2: Player-1, '260726480', running on 142.157.68.226
START Player-0 Human
START Player-1 260726480
1 1 TL BR 0
1 1 TL TR 1
4 3 BR TR 0
1 1 TL TR 1
2 4 BR BL 0
4 4 TL TR 1
2 3 TR BR 0
3 2 TL TR 1
2 3 TL BL 0
3 2 TL TR 1
5 5 TL BR 0
3 3 TL TR 1
2 4 BR TR 0
2 2 TL TR 1
2 2 BR TR 0
GAMEOVER WINNER 0
# Game ended: Mon Apr 08 10:50:45 EDT 2019
