# Server version 0.08 running on 192.168.2.19:8123
# Game ID: 215
# Board class: pentago_swap.PentagoBoard
# Timeout: 2000
# First Move Timeout: 40000
# Date: Tue Apr 09 00:07:22 EDT 2019
# Player 1: Player-0, 'RandomPlayer', running on 127.0.0.1
# Player 2: Player-1, '260726480', running on 127.0.0.1
START Player-0 RandomPlayer
START Player-1 260726480
2 4 BL BR 0
1 1 TL TR 1
2 0 TR BL 0
1 1 TL TR 1
5 0 TR BR 0
1 1 TL TR 1
3 2 BL BR 0
1 1 TL TR 1
0 2 TR BL 0
3 2 TL TR 1
1 3 TL BR 0
2 3 TL TR 1
5 5 TR BL 0
2 3 TL TR 1
2 2 TR BR 0
3 3 TL TR 1
4 0 TR BR 0
0 0 TR BL 1
4 5 TL BL 0
0 1 TL BL 1
4 2 TR BR 0
0 1 TL TR 1
1 3 TR BL 0
0 0 TL BL 1
GAMEOVER WINNER 1
# Game ended: Tue Apr 09 00:07:23 EDT 2019
