# Server version 0.08 running on 192.168.2.19:8123
# Game ID: 233
# Board class: pentago_swap.PentagoBoard
# Timeout: 2000
# First Move Timeout: 40000
# Date: Tue Apr 09 07:03:23 EDT 2019
# Player 1: Player-0, 'RandomPlayer', running on 127.0.0.1
# Player 2: Player-1, '260726480', running on 127.0.0.1
START Player-0 RandomPlayer
START Player-1 260726480
1 5 TL BR 0
1 1 TL TR 1
4 3 TR BL 0
1 1 TL TR 1
2 3 TL BL 0
4 1 TL TR 1
5 2 TR BR 0
1 4 TL TR 1
1 3 BL BR 0
3 2 TL TR 1
3 0 TR BR 0
2 3 TL TR 1
0 0 TL TR 0
2 2 TL TR 1
0 3 TR BL 0
3 2 TL TR 1
2 2 TL BR 0
0 0 TL TR 1
2 5 TL TR 0
0 1 TL TR 1
4 3 TL BR 0
0 1 TL TR 1
1 5 TR BR 0
0 2 TL BR 1
5 1 TL BL 0
GAMEOVER DRAW
# Game ended: Tue Apr 09 07:03:24 EDT 2019
