# Server version 0.08 running on 142.157.68.226:8123
# Game ID: 2543
# Board class: pentago_swap.PentagoBoard
# Timeout: 2000
# First Move Timeout: 4000
# Date: Wed Apr 10 18:05:00 EDT 2019
# Player 1: Player-0, '260726480', running on 142.157.68.226
# Player 2: Player-1, 'Human', running on 142.157.68.226
START Player-0 260726480
START Player-1 Human
1 1 TL TR 0
1 1 TR TL 1
0 0 TL BR 0
2 2 TL BR 1
2 2 TR BR 0
3 3 TL BR 1
5 2 TL BL 0
1 1 TL BL 1
1 4 TL BL 0
2 4 BR TR 1
3 3 TL TR 0
GAMEOVER WINNER 0
# Game ended: Wed Apr 10 18:05:55 EDT 2019
