# Server version 0.08 running on 142.157.68.226:8123
# Game ID: 56
# Board class: pentago_swap.PentagoBoard
# Timeout: 10000
# First Move Timeout: 40000
# Date: Sun Apr 07 23:33:01 EDT 2019
# Player 1: Player-0, 'RandomPlayer', running on 127.0.0.1
# Player 2: Player-1, '260726480', running on 127.0.0.1
START Player-0 RandomPlayer
START Player-1 260726480
5 2 TR BR 0
1 1 TL TR 1
0 3 TL TR 0
1 4 TL TR 1
4 0 BL BR 0
4 1 TL TR 1
2 1 TL BL 0
4 4 TL TR 1
5 2 BL BR 0
0 5 TR BR 1
1 5 TL TR 0
1 0 TL TR 1
0 0 BL BR 0
0 1 TL TR 1
5 1 TR BR 0
0 1 TL TR 1
2 0 TL BR 0
0 2 TL BL 1
5 1 TR BR 0
0 0 TL TR 1
5 0 TL TR 0
0 1 TL TR 1
4 2 TR BR 0
GAMEOVER WINNER 1
# Game ended: Sun Apr 07 23:33:02 EDT 2019
