# Server version 0.08 running on 142.157.68.226:8123
# Game ID: 135
# Board class: pentago_swap.PentagoBoard
# Timeout: 2000
# First Move Timeout: 40000
# Date: Mon Apr 08 11:03:50 EDT 2019
# Player 1: Player-0, '260726480', running on 142.157.68.226
# Player 2: Player-1, 'Human', running on 142.157.68.226
START Player-0 260726480
START Player-1 Human
1 1 TL TR 0
4 4 BR TL 1
4 1 TL TR 0
4 4 TR BR 1
3 2 TL TR 0
3 3 BR TL 1
2 2 TL TR 0
0 4 BL TL 1
3 2 TL TR 0
2 3 TR BL 1
3 3 TL TR 0
2 4 TR BR 1
2 2 TL TR 0
4 3 BR TR 1
2 2 TR BR 0
2 3 TR BR 1
0 1 TL BL 0
2 3 TR BR 1
0 0 TL TR 0
0 4 TR BR 1
0 0 TL BL 0
4 5 BR TR 1
0 2 TR BL 0
0 4 TR BR 1
0 5 TL TR 0
1 5 TR BL 1
1 2 TL BL 0
2 5 TR TL 1
1 0 TL TR 0
4 3 TR BR 1
1 0 TL TR 0
GAMEOVER DRAW
# Game ended: Mon Apr 08 11:06:03 EDT 2019
