# Server version 0.08 running on 142.157.68.226:8123
# Game ID: 121
# Board class: pentago_swap.PentagoBoard
# Timeout: 2000
# First Move Timeout: 40000
# Date: Mon Apr 08 10:56:12 EDT 2019
# Player 1: Player-0, '260726480', running on 127.0.0.1
# Player 2: Player-1, 'RandomPlayer', running on 127.0.0.1
START Player-0 260726480
START Player-1 RandomPlayer
1 1 TL TR 0
0 1 TR BR 1
1 1 TL TR 0
3 2 TL TR 1
1 4 TL TR 0
2 0 BL BR 1
4 4 TL TR 0
3 3 TL BL 1
3 2 TL TR 0
5 4 BL BR 1
2 2 TL TR 0
3 1 TL TR 1
3 3 TL TR 0
0 4 BL BR 1
0 0 TL BR 0
5 3 TR BR 1
0 4 TL BR 0
1 3 TL BR 1
0 5 TL TR 0
4 3 TR BR 1
0 3 TR BL 0
2 5 TL TR 1
1 0 TL BL 0
4 3 TR BR 1
GAMEOVER WINNER 0
# Game ended: Mon Apr 08 10:56:13 EDT 2019
