# Server version 0.08 running on 142.157.68.226:8123
# Game ID: 652
# Board class: pentago_swap.PentagoBoard
# Timeout: 2000
# First Move Timeout: 4000
# Date: Tue Apr 09 21:54:49 EDT 2019
# Player 1: Player-0, 'RandomPlayer', running on 142.157.68.226
# Player 2: Player-1, '260726480', running on 142.157.68.226
START Player-0 RandomPlayer
START Player-1 260726480
2 2 TR BR 0
1 1 TL TR 1
2 2 BL BR 0
1 1 TL TR 1
0 4 TR BL 0
3 2 TL TR 1
2 0 TL TR 0
0 0 TL TR 1
3 5 TL TR 0
0 1 TL TR 1
5 5 TL TR 0
0 2 TL TR 1
0 1 TL BR 0
1 1 TL TR 1
2 1 TR BR 0
0 3 TL TR 1
0 2 TR BR 0
1 1 TL TR 1
1 0 TR BL 0
0 0 TL TR 1
2 4 TL BR 0
0 4 TL TR 1
4 0 BL BR 0
1 2 TL TR 1
GAMEOVER WINNER 1
# Game ended: Tue Apr 09 21:54:49 EDT 2019
