# Server version 0.08 running on 142.157.68.226:8123
# Game ID: 3065
# Board class: pentago_swap.PentagoBoard
# Timeout: 2000
# First Move Timeout: 4000
# Date: Wed Apr 10 18:55:24 EDT 2019
# Player 1: Player-0, 'RandomPlayer', running on 127.0.0.1
# Player 2: Player-1, '260726480', running on 127.0.0.1
START Player-0 RandomPlayer
START Player-1 260726480
1 4 TL BL 0
1 1 TL TR 1
3 3 BL BR 0
0 3 TR BR 1
1 0 TR BR 0
0 1 TR BR 1
4 2 TR BL 0
2 2 TR BL 1
2 5 TR BL 0
5 1 TR BL 1
2 1 TL BL 0
4 2 TL BL 1
1 5 TL BL 0
5 5 TL BL 1
3 5 TL TR 0
0 3 TL TR 1
5 3 TL TR 0
5 1 TL TR 1
0 4 TR BL 0
1 3 TL BR 1
1 0 TL BR 0
3 4 TL BR 1
3 0 TL TR 0
3 5 TL BR 1
GAMEOVER WINNER 1
# Game ended: Wed Apr 10 18:55:25 EDT 2019
