# Server version 0.08 running on 142.157.68.226:8123
# Game ID: 1697
# Board class: pentago_swap.PentagoBoard
# Timeout: 2000
# First Move Timeout: 4000
# Date: Wed Apr 10 00:21:05 EDT 2019
# Player 1: Player-0, '260726480', running on 127.0.0.1
# Player 2: Player-1, 'RandomPlayer', running on 127.0.0.1
START Player-0 260726480
START Player-1 RandomPlayer
1 1 TL TR 0
5 3 TR BL 1
1 1 TL TR 0
3 3 TR BR 1
1 1 TL TR 0
3 5 TR BR 1
1 1 TL TR 0
1 0 TL BR 1
0 0 TL TR 0
5 2 TR BR 1
0 1 TL TR 0
3 5 BL BR 1
0 0 TL TR 0
0 2 TL TR 1
2 2 BL BR 0
GAMEOVER WINNER 0
# Game ended: Wed Apr 10 00:21:05 EDT 2019
