# Server version 0.08 running on 142.157.68.226:8123
# Game ID: 1388
# Board class: pentago_swap.PentagoBoard
# Timeout: 2000
# First Move Timeout: 4000
# Date: Tue Apr 09 23:45:45 EDT 2019
# Player 1: Player-0, 'RandomPlayer', running on 142.157.68.226
# Player 2: Player-1, 'RandomPlayer', running on 142.157.68.226
START Player-0 RandomPlayer
START Player-1 RandomPlayer
1 0 TR BL 0
0 3 TR BR 1
3 2 TR BL 0
3 5 TR BR 1
2 5 TL TR 0
5 2 TL TR 1
2 2 BL BR 0
3 3 BL BR 1
0 0 TR BL 0
0 1 TL TR 1
1 0 TR BR 0
2 5 BL BR 1
1 1 BL BR 0
2 0 TR BR 1
4 2 TR BL 0
5 0 TL BL 1
0 2 BL BR 0
5 0 TL BR 1
1 2 TL BR 0
4 0 TR BR 1
4 2 BL BR 0
4 0 TL BR 1
5 1 TR BR 0
3 4 TL BL 1
1 1 TL BR 0
4 1 TR BL 1
5 1 TL BR 0
0 4 TL BR 1
0 3 TR BL 0
2 1 TL TR 1
1 2 TR BL 0
1 1 TL BR 1
2 4 BL BR 0
GAMEOVER WINNER 0
# Game ended: Tue Apr 09 23:45:45 EDT 2019
