# Server version 0.08 running on 142.157.68.226:8123
# Game ID: 152
# Board class: pentago_swap.PentagoBoard
# Timeout: 2000
# First Move Timeout: 40000
# Date: Mon Apr 08 11:17:23 EDT 2019
# Player 1: Player-0, '260726480', running on 142.157.68.226
# Player 2: Player-1, 'RandomPlayer', running on 142.157.68.226
START Player-0 260726480
START Player-1 RandomPlayer
1 1 TL TR 0
1 1 TR BR 1
1 4 TL TR 0
3 5 TL TR 1
4 1 TL TR 0
2 1 BL BR 1
2 2 TL TR 0
5 2 TR BR 1
2 2 TL TR 0
4 3 BL BR 1
3 2 TL TR 0
2 1 TL BR 1
3 3 TL TR 0
0 0 TL BR 1
5 5 TL TR 0
0 1 TL BR 1
0 1 TL TR 0
1 3 TR BR 1
0 1 TR BL 0
0 2 TR BL 1
0 3 TL TR 0
5 3 BL BR 1
1 0 TL BL 0
5 1 TR BR 1
0 2 BL BR 0
5 0 TL TR 1
0 0 TR BL 0
GAMEOVER WINNER 0
# Game ended: Mon Apr 08 11:17:25 EDT 2019
