# Server version 0.08 running on 142.157.68.226:8123
# Game ID: 1520
# Board class: pentago_swap.PentagoBoard
# Timeout: 2000
# First Move Timeout: 4000
# Date: Tue Apr 09 23:56:42 EDT 2019
# Player 1: Player-0, '260726480', running on 127.0.0.1
# Player 2: Player-1, 'RandomPlayer', running on 127.0.0.1
START Player-0 260726480
START Player-1 RandomPlayer
1 1 TL TR 0
1 0 TL TR 1
0 0 TL TR 0
4 1 TR BL 1
1 1 TL TR 0
4 4 TL BR 1
0 0 TL TR 0
5 5 TL BL 1
0 1 TL TR 0
5 2 TL TR 1
0 2 TL TR 0
4 5 TL TR 1
0 4 BL BR 0
GAMEOVER WINNER 0
# Game ended: Tue Apr 09 23:56:42 EDT 2019
