# Server version 0.08 running on 142.157.68.226:8123
# Game ID: 3021
# Board class: pentago_swap.PentagoBoard
# Timeout: 2000
# First Move Timeout: 4000
# Date: Wed Apr 10 18:54:26 EDT 2019
# Player 1: Player-0, 'RandomPlayer', running on 127.0.0.1
# Player 2: Player-1, '260726480', running on 127.0.0.1
START Player-0 RandomPlayer
START Player-1 260726480
5 1 BL BR 0
1 1 TL TR 1
4 3 BL BR 0
1 1 TL TR 1
3 2 TR BR 0
1 4 TL BL 1
1 1 TR BL 0
0 1 TL BR 1
1 2 TL BR 0
1 2 TL BR 1
0 1 TL TR 0
0 0 TL BR 1
2 5 TL BL 0
5 2 TL BL 1
0 3 TL BL 0
5 5 TL BL 1
4 0 TR BR 0
0 0 TR BR 1
4 2 TR BR 0
5 4 TR BR 1
4 5 TL BL 0
0 0 TL BR 1
GAMEOVER WINNER 1
# Game ended: Wed Apr 10 18:54:26 EDT 2019
