# Server version 0.08 running on 142.157.68.226:8123
# Game ID: 38
# Board class: pentago_swap.PentagoBoard
# Timeout: 10000
# First Move Timeout: 40000
# Date: Sun Apr 07 23:12:32 EDT 2019
# Player 1: Player-0, 'RandomPlayer', running on 127.0.0.1
# Player 2: Player-1, '260726480', running on 127.0.0.1
START Player-0 RandomPlayer
START Player-1 260726480
5 2 TR BR 0
1 1 TL TR 1
0 3 TL TR 0
1 4 TL TR 1
4 0 BL BR 0
4 1 TL TR 1
2 1 TL BL 0
4 4 TL TR 1
5 2 BL BR 0
0 5 TR BR 1
1 5 TL TR 0
1 0 TL TR 1
0 0 BL BR 0
2 2 BL BR 1
5 1 TR BR 0
2 3 TL BL 1
1 2 TL BR 0
4 2 BL BR 1
5 0 TR BR 0
5 5 TL TR 1
4 3 TL TR 0
3 4 BL BR 1
3 5 TR BR 0
GAMEOVER WINNER 0
# Game ended: Sun Apr 07 23:12:32 EDT 2019
