# Server version 0.08 running on 142.157.68.226:8123
# Game ID: 66
# Board class: pentago_swap.PentagoBoard
# Timeout: 2000
# First Move Timeout: 40000
# Date: Sun Apr 07 23:38:55 EDT 2019
# Player 1: Player-0, '260726480', running on 127.0.0.1
# Player 2: Player-1, 'RandomPlayer', running on 127.0.0.1
START Player-0 260726480
START Player-1 RandomPlayer
1 1 TL TR 0
0 1 TR BR 1
1 1 TL TR 0
3 2 TL TR 1
1 4 TL TR 0
2 0 BL BR 1
4 4 TL TR 0
3 3 TL BL 1
1 3 TR BR 0
5 4 BL BR 1
5 3 TL TR 0
3 0 TL TR 1
2 5 BL BR 0
1 0 BL BR 1
2 3 TL BL 0
5 2 TR BR 1
0 1 TL BL 0
1 2 TL BR 1
0 1 TL TR 0
3 4 TR BR 1
0 0 TL TR 0
2 4 TL TR 1
0 2 TL TR 0
3 2 TR BR 1
0 0 TL TR 0
4 5 BL BR 1
0 5 TL TR 0
GAMEOVER WINNER 0
# Game ended: Sun Apr 07 23:38:56 EDT 2019
