# Server version 0.08 running on 192.168.2.19:8123
# Game ID: 199
# Board class: pentago_swap.PentagoBoard
# Timeout: 2000
# First Move Timeout: 40000
# Date: Mon Apr 08 23:50:26 EDT 2019
# Player 1: Player-0, 'RandomPlayer', running on 127.0.0.1
# Player 2: Player-1, '260726480', running on 127.0.0.1
START Player-0 RandomPlayer
START Player-1 260726480
0 4 TR BL 0
1 1 TL TR 1
2 2 TR BL 0
1 1 TL TR 1
3 4 TR BR 0
1 1 TL TR 1
0 5 TL BL 0
4 1 TL TR 1
1 2 BL BR 0
3 2 TL TR 1
5 3 TL BR 0
2 3 TL TR 1
3 4 TR BR 0
2 3 TL TR 1
0 2 TR BR 0
2 2 TL TR 1
2 2 TL BL 0
0 0 TR BR 1
2 1 TL TR 0
0 0 TL TR 1
4 0 TL TR 0
0 4 TL BL 1
4 0 TL BL 0
1 3 TL TR 1
GAMEOVER WINNER 0
# Game ended: Mon Apr 08 23:50:27 EDT 2019
