# Server version 0.08 running on 142.157.68.226:8123
# Game ID: 429
# Board class: pentago_swap.PentagoBoard
# Timeout: 2000
# First Move Timeout: 4000
# Date: Tue Apr 09 20:48:24 EDT 2019
# Player 1: Player-0, '260726480', running on 127.0.0.1
# Player 2: Player-1, 'RandomPlayer', running on 127.0.0.1
START Player-0 260726480
START Player-1 RandomPlayer
1 1 TL TR 0
3 3 TR BR 1
1 1 TL TR 0
3 4 TL BL 1
1 1 TL TR 0
2 2 TR BL 1
3 2 TL TR 0
3 5 TR BL 1
1 1 TL TR 0
2 4 TL BR 1
3 2 TL TR 0
5 1 BL BR 1
0 1 TL TR 0
2 2 TL BL 1
0 0 TL TR 0
2 3 BL BR 1
0 2 TL TR 0
2 2 TR BR 1
0 1 TL BR 0
5 0 TL BL 1
GAMEOVER WINNER 0
# Game ended: Tue Apr 09 20:48:24 EDT 2019
