# Server version 0.08 running on 142.157.68.226:8123
# Game ID: 3351
# Board class: pentago_swap.PentagoBoard
# Timeout: 2000
# First Move Timeout: 4000
# Date: Wed Apr 10 19:33:22 EDT 2019
# Player 1: Player-0, '260726480', running on 127.0.0.1
# Player 2: Player-1, 'RandomPlayer', running on 127.0.0.1
START Player-0 260726480
START Player-1 RandomPlayer
1 1 TL TR 0
0 2 TR BR 1
1 1 TL TR 0
3 5 BL BR 1
1 1 TL TR 0
5 5 TR BL 1
2 5 TL TR 0
0 1 BL BR 1
1 0 BL BR 0
4 3 BL BR 1
3 0 BL BR 0
4 0 TR BL 1
3 4 TR BL 0
4 4 TL BR 1
3 3 TL BR 0
1 2 TL TR 1
2 2 TR BR 0
GAMEOVER WINNER 0
# Game ended: Wed Apr 10 19:33:22 EDT 2019
