# Server version 0.08 running on 192.168.2.19:8123
# Game ID: 261
# Board class: pentago_swap.PentagoBoard
# Timeout: 2000
# First Move Timeout: 40000
# Date: Tue Apr 09 07:09:40 EDT 2019
# Player 1: Player-0, 'RandomPlayer', running on 127.0.0.1
# Player 2: Player-1, '260726480', running on 127.0.0.1
START Player-0 RandomPlayer
START Player-1 260726480
3 1 TR BL 0
1 1 TL TR 1
2 5 TL BL 0
1 1 TL TR 1
1 5 TR BR 0
3 2 TL TR 1
3 3 TL TR 0
0 0 TL TR 1
4 1 TL BL 0
3 2 TL TR 1
2 1 TL BR 0
0 1 TL TR 1
2 4 TL BR 0
0 1 TL TR 1
0 2 BL BR 0
0 5 TL TR 1
5 2 TL BL 0
GAMEOVER TIMEOUT WINNER 0
# Game ended: Tue Apr 09 07:09:43 EDT 2019
