# Server version 0.08 running on 142.157.68.226:8123
# Game ID: 3237
# Board class: pentago_swap.PentagoBoard
# Timeout: 2000
# First Move Timeout: 4000
# Date: Wed Apr 10 19:29:36 EDT 2019
# Player 1: Player-0, 'RandomPlayer', running on 127.0.0.1
# Player 2: Player-1, '260726480', running on 127.0.0.1
START Player-0 RandomPlayer
START Player-1 260726480
5 1 BL BR 0
1 1 TL TR 1
5 0 TR BR 0
1 1 TL TR 1
3 3 BL BR 0
1 1 TL TR 1
0 1 BL BR 0
1 0 BL BR 1
4 5 TL BR 0
2 1 TL BR 1
4 3 TL BR 0
0 1 TL BR 1
5 5 TR BR 0
2 2 TR BR 1
0 3 BL BR 0
3 0 BL BR 1
2 3 TL BR 0
3 2 TL BR 1
0 0 TL TR 0
4 2 TL TR 1
3 1 TL TR 0
1 5 TL BL 1
GAMEOVER WINNER 1
# Game ended: Wed Apr 10 19:29:36 EDT 2019
