# Server version 0.08 running on 142.157.68.226:8123
# Game ID: 2556
# Board class: pentago_swap.PentagoBoard
# Timeout: 2000
# First Move Timeout: 4000
# Date: Wed Apr 10 18:07:01 EDT 2019
# Player 1: Player-0, 'RandomPlayer', running on 127.0.0.1
# Player 2: Player-1, '260726480', running on 127.0.0.1
START Player-0 RandomPlayer
START Player-1 260726480
0 5 TL BL 0
1 1 TL TR 1
2 5 TR BL 0
1 1 TL TR 1
3 5 TR BL 0
1 1 TL TR 1
3 1 BL BR 0
3 3 TL BL 1
5 1 TL BR 0
1 0 TL BR 1
3 2 TL BL 0
2 3 TL BL 1
1 2 TL TR 0
2 4 TL TR 1
1 5 TL BL 0
5 2 TL BL 1
2 4 TL BL 0
1 2 TL BL 1
1 0 TL TR 0
4 0 TL TR 1
GAMEOVER WINNER 1
# Game ended: Wed Apr 10 18:07:01 EDT 2019
