# Server version 0.08 running on 192.168.2.19:8123
# Game ID: 169
# Board class: pentago_swap.PentagoBoard
# Timeout: 2000
# First Move Timeout: 40000
# Date: Mon Apr 08 22:07:57 EDT 2019
# Player 1: Player-0, 'RandomPlayer', running on 127.0.0.1
# Player 2: Player-1, '260726480', running on 127.0.0.1
START Player-0 RandomPlayer
START Player-1 260726480
1 5 TR BR 0
1 1 TL TR 1
2 3 TL TR 0
1 4 TL TR 1
3 5 TR BR 0
1 4 TL TR 1
2 3 BL BR 0
4 4 TL TR 1
3 4 BL BR 0
3 2 TL TR 1
0 0 TL TR 0
2 3 TL TR 1
2 1 TR BR 0
2 2 TL TR 1
0 2 TR BL 0
2 3 TL TR 1
4 0 TR BL 0
0 0 TL BL 1
GAMEOVER WINNER 1
# Game ended: Mon Apr 08 22:07:57 EDT 2019
