# Server version 0.08 running on 142.157.68.226:8123
# Game ID: 2517
# Board class: pentago_swap.PentagoBoard
# Timeout: 2000
# First Move Timeout: 4000
# Date: Wed Apr 10 17:46:23 EDT 2019
# Player 1: Player-0, 'RandomPlayer', running on 127.0.0.1
# Player 2: Player-1, '260726480', running on 127.0.0.1
START Player-0 RandomPlayer
START Player-1 260726480
2 2 TL BL 0
1 1 TL TR 1
4 4 TR BL 0
1 1 TL TR 1
3 0 TL BR 0
0 0 TL TR 1
0 1 TL BR 0
1 1 TL TR 1
2 2 BL BR 0
0 1 TL TR 1
4 3 TL TR 0
0 2 TL TR 1
3 0 TL BR 0
0 1 TL TR 1
4 5 BL BR 0
0 5 TL TR 1
GAMEOVER WINNER 1
# Game ended: Wed Apr 10 17:46:23 EDT 2019
