# Server version 0.08 running on 142.157.68.226:8123
# Game ID: 360
# Board class: pentago_swap.PentagoBoard
# Timeout: 2000
# First Move Timeout: 40000
# Date: Tue Apr 09 09:01:09 EDT 2019
# Player 1: Player-0, '260726480', running on 142.157.68.226
# Player 2: Player-1, 'Human', running on 142.157.68.226
START Player-0 260726480
START Player-1 Human
1 1 TL TR 0
4 4 TR BR 1
1 1 TL TR 0
2 2 TL BR 1
4 1 TL TR 0
4 5 BR TR 1
3 2 TL TR 0
3 5 TL TR 1
0 0 TL TR 0
2 3 TR TL 1
0 1 TL TR 0
2 4 TR TL 1
0 2 TL TR 0
0 2 TL TR 1
0 3 TL TR 0
2 5 TR TL 1
0 4 TL TR 0
2 1 TL TR 1
GAMEOVER WINNER 0
# Game ended: Tue Apr 09 09:02:11 EDT 2019
