# Server version 0.08 running on 142.157.68.226:8123
# Game ID: 620
# Board class: pentago_swap.PentagoBoard
# Timeout: 2000
# First Move Timeout: 4000
# Date: Tue Apr 09 21:33:42 EDT 2019
# Player 1: Player-0, 'RandomPlayer', running on 127.0.0.1
# Player 2: Player-1, '260726480', running on 127.0.0.1
START Player-0 RandomPlayer
START Player-1 260726480
4 0 TL TR 0
1 1 TL TR 1
4 2 TL BL 0
1 1 TL TR 1
2 2 TR BL 0
4 4 TL TR 1
5 5 TR BL 0
1 1 TL TR 1
4 3 TL BL 0
3 2 TL TR 1
0 2 TR BR 0
0 0 TL TR 1
4 5 TL BL 0
3 2 TL TR 1
5 3 TL BR 0
0 0 TL TR 1
2 2 TL BL 0
0 0 TL TR 1
5 4 TL BL 0
0 0 TL BL 1
2 3 TR BR 0
0 1 BL BR 1
0 2 TL BR 0
0 1 TL TR 1
GAMEOVER WINNER 0
# Game ended: Tue Apr 09 21:33:43 EDT 2019
