# Server version 0.08 running on 192.168.2.19:8123
# Game ID: 159
# Board class: pentago_swap.PentagoBoard
# Timeout: 2000
# First Move Timeout: 40000
# Date: Mon Apr 08 21:16:11 EDT 2019
# Player 1: Player-0, 'RandomPlayer', running on 127.0.0.1
# Player 2: Player-1, '260726480', running on 127.0.0.1
START Player-0 RandomPlayer
START Player-1 260726480
1 4 TR BR 0
1 1 TL TR 1
5 3 BL BR 0
1 1 TL TR 1
5 5 TR BR 0
1 4 TL TR 1
0 4 TL TR 0
3 2 TL TR 1
4 2 TR BR 0
3 3 TL TR 1
0 1 TL BL 0
3 2 TL TR 1
1 0 TL TR 0
2 2 TL TR 1
5 5 TL BL 0
3 2 TL TR 1
4 2 TL BL 0
0 0 TL BR 1
0 2 TL BL 0
0 0 TL BL 1
1 2 BL BR 0
0 3 TL BL 1
GAMEOVER WINNER 0
# Game ended: Mon Apr 08 21:16:12 EDT 2019
