# Server version 0.08 running on 192.168.2.19:8123
# Game ID: 231
# Board class: pentago_swap.PentagoBoard
# Timeout: 2000
# First Move Timeout: 40000
# Date: Tue Apr 09 07:00:07 EDT 2019
# Player 1: Player-0, 'RandomPlayer', running on 127.0.0.1
# Player 2: Player-1, '260726480', running on 127.0.0.1
START Player-0 RandomPlayer
START Player-1 260726480
4 3 TR BR 0
1 1 TL TR 1
4 1 TL BR 0
1 1 TL TR 1
1 5 TR BL 0
4 4 TL TR 1
0 2 TR BR 0
0 0 TL TR 1
0 0 BL BR 0
0 1 TL TR 1
4 2 TL TR 0
0 2 TL TR 1
4 0 TL BR 0
0 0 TL TR 1
3 4 TL BR 0
0 4 TL TR 1
5 4 TL BR 0
1 2 TL TR 1
5 0 TL TR 0
1 3 TL BL 1
3 5 TL TR 0
0 4 TL TR 1
0 2 TL BR 0
1 0 TL TR 1
1 2 TL BL 0
2 0 TL BL 1
2 5 TL TR 0
2 0 TL TR 1
GAMEOVER DRAW
# Game ended: Tue Apr 09 07:00:08 EDT 2019
