# Server version 0.08 running on 192.168.2.19:8123
# Game ID: 229
# Board class: pentago_swap.PentagoBoard
# Timeout: 2000
# First Move Timeout: 40000
# Date: Tue Apr 09 07:00:04 EDT 2019
# Player 1: Player-0, 'RandomPlayer', running on 127.0.0.1
# Player 2: Player-1, '260726480', running on 127.0.0.1
START Player-0 RandomPlayer
START Player-1 260726480
0 0 TL BR 0
1 1 TL TR 1
3 1 BL BR 0
1 1 TL TR 1
5 0 BL BR 0
4 1 TL TR 1
3 2 TR BR 0
1 4 TL TR 1
4 0 TR BL 0
0 1 TL TR 1
5 1 TL BR 0
0 0 TL TR 1
4 5 BL BR 0
0 2 TL TR 1
3 4 BL BR 0
0 1 TL TR 1
1 2 TL BR 0
0 0 TL TR 1
5 2 TR BR 0
0 2 TL TR 1
GAMEOVER WINNER 1
# Game ended: Tue Apr 09 07:00:05 EDT 2019
