# Server version 0.08 running on 142.157.68.226:8123
# Game ID: 2360
# Board class: pentago_swap.PentagoBoard
# Timeout: 2000
# First Move Timeout: 4000
# Date: Wed Apr 10 17:33:59 EDT 2019
# Player 1: Player-0, '260726480', running on 127.0.0.1
# Player 2: Player-1, 'RandomPlayer', running on 127.0.0.1
START Player-0 260726480
START Player-1 RandomPlayer
1 1 TL TR 0
0 3 TL TR 1
0 1 TL TR 0
5 0 TL BL 1
1 1 TL TR 0
4 1 TR BR 1
0 2 TL TR 0
2 2 TR BR 1
1 1 TL TR 0
5 4 TL BL 1
0 0 TL TR 0
4 0 TR BR 1
0 0 TL TR 0
4 5 TL TR 1
0 1 TL TR 0
1 2 TR BL 1
3 2 TR BL 0
GAMEOVER WINNER 0
# Game ended: Wed Apr 10 17:33:59 EDT 2019
