# Server version 0.08 running on 142.157.68.226:8123
# Game ID: 2741
# Board class: pentago_swap.PentagoBoard
# Timeout: 2000
# First Move Timeout: 4000
# Date: Wed Apr 10 18:13:39 EDT 2019
# Player 1: Player-0, '260726480', running on 127.0.0.1
# Player 2: Player-1, 'RandomPlayer', running on 127.0.0.1
START Player-0 260726480
START Player-1 RandomPlayer
1 1 TL TR 0
2 1 TL BR 1
1 1 TL TR 0
4 2 TR BR 1
0 0 TL BR 0
3 2 TR BR 1
0 0 TL BL 0
2 2 TR BL 1
1 1 TL TR 0
5 2 TR BL 1
2 2 TR BR 0
GAMEOVER WINNER 0
# Game ended: Wed Apr 10 18:13:39 EDT 2019
