# Server version 0.08 running on 142.157.68.226:8123
# Game ID: 1128
# Board class: pentago_swap.PentagoBoard
# Timeout: 2000
# First Move Timeout: 4000
# Date: Tue Apr 09 23:25:35 EDT 2019
# Player 1: Player-0, '260726480', running on 127.0.0.1
# Player 2: Player-1, 'RandomPlayer', running on 127.0.0.1
START Player-0 260726480
START Player-1 RandomPlayer
1 1 TL TR 0
0 4 TR BL 1
1 1 TL TR 0
5 0 TR BL 1
1 1 TL TR 0
1 0 BL BR 1
4 1 TL TR 0
4 2 TL BL 1
3 2 TL TR 0
2 1 TL BL 1
3 2 TL TR 0
0 1 TL BR 1
2 3 TL BR 0
GAMEOVER WINNER 0
# Game ended: Tue Apr 09 23:25:36 EDT 2019
