# Server version 0.08 running on 142.157.68.226:8123
# Game ID: 1499
# Board class: pentago_swap.PentagoBoard
# Timeout: 2000
# First Move Timeout: 4000
# Date: Tue Apr 09 23:54:37 EDT 2019
# Player 1: Player-0, '260721713', running on 127.0.0.1
# Player 2: Player-1, '260726480', running on 127.0.0.1
START Player-0 260721713
START Player-1 260726480
0 0 TL TR 0
1 1 TL TR 1
0 1 TL TR 0
0 0 TL TR 1
0 2 TL TR 0
0 1 TL TR 1
0 5 TL TR 0
1 0 TL TR 1
1 0 TL TR 0
1 2 TL TR 1
1 1 TL TR 0
1 5 TL TR 1
2 0 TL TR 0
2 0 TL TR 1
2 1 TL TR 0
2 1 TL TR 1
2 2 TL TR 0
2 2 TL TR 1
3 0 TL TR 0
3 1 TL TR 1
3 2 TL TR 0
4 1 TR BR 1
GAMEOVER WINNER 1
# Game ended: Tue Apr 09 23:54:37 EDT 2019
